# JRE version: Java(TM) SE Runtime Environment (10.0.1+10) (build 10.0.1+10)
# Java VM: Java HotSpot(TM) 64-Bit Server VM (10.0.1+10, mixed mode, tiered, compressed oops, g1 gc, windows-amd64)
Heap:
 garbage-first heap   total 262144K, used 139332K [0x00000000e0000000, 0x0000000100000000)
  region size 1024K, 113 young (115712K), 14 survivors (14336K)
 Metaspace       used 56490K, capacity 57863K, committed 58236K, reserved 305152K
  class space    used 6927K, capacity 7513K, committed 7548K, reserved 253952K
GC Heap History (10 events):
Event: 0.579 GC heap before
{Heap before GC invocations=0 (full 0):
 garbage-first heap   total 262144K, used 30720K [0x00000000e0000000, 0x0000000100000000)
  region size 1024K, 24 young (24576K), 0 survivors (0K)
 Metaspace       used 10127K, capacity 10362K, committed 10624K, reserved 264192K
  class space    used 1019K, capacity 1118K, committed 1152K, reserved 253952K
}
Event: 0.582 GC heap after
{Heap after GC invocations=1 (full 0):
 garbage-first heap   total 262144K, used 8639K [0x00000000e0000000, 0x0000000100000000)
  region size 1024K, 3 young (3072K), 3 survivors (3072K)
 Metaspace       used 10127K, capacity 10362K, committed 10624K, reserved 264192K
  class space    used 1019K, capacity 1118K, committed 1152K, reserved 253952K
}
Event: 3.008 GC heap before
{Heap before GC invocations=1 (full 0):
 garbage-first heap   total 262144K, used 95679K [0x00000000e0000000, 0x0000000100000000)
  region size 1024K, 88 young (90112K), 3 survivors (3072K)
 Metaspace       used 20749K, capacity 21144K, committed 21296K, reserved 274432K
  class space    used 2416K, capacity 2570K, committed 2608K, reserved 253952K
}
Event: 3.101 GC heap after
{Heap after GC invocations=2 (full 0):
 garbage-first heap   total 262144K, used 15807K [0x00000000e0000000, 0x0000000100000000)
  region size 1024K, 10 young (10240K), 10 survivors (10240K)
 Metaspace       used 20749K, capacity 21144K, committed 21296K, reserved 274432K
  class space    used 2416K, capacity 2570K, committed 2608K, reserved 253952K
}
Event: 4.327 GC heap before
{Heap before GC invocations=3 (full 0):
 garbage-first heap   total 262144K, used 81343K [0x00000000e0000000, 0x0000000100000000)
  region size 1024K, 74 young (75776K), 10 survivors (10240K)
 Metaspace       used 29190K, capacity 29739K, committed 30076K, reserved 280576K
  class space    used 3659K, capacity 3848K, committed 3964K, reserved 253952K
}
Event: 4.335 GC heap after
{Heap after GC invocations=4 (full 0):
 garbage-first heap   total 262144K, used 19095K [0x00000000e0000000, 0x0000000100000000)
  region size 1024K, 4 young (4096K), 4 survivors (4096K)
 Metaspace       used 29190K, capacity 29739K, committed 30076K, reserved 280576K
  class space    used 3659K, capacity 3848K, committed 3964K, reserved 253952K
}
Event: 11.602 GC heap before
{Heap before GC invocations=5 (full 0):
 garbage-first heap   total 262144K, used 105111K [0x00000000e0000000, 0x0000000100000000)
  region size 1024K, 85 young (87040K), 4 survivors (4096K)
 Metaspace       used 39352K, capacity 40155K, committed 40572K, reserved 290816K
  class space    used 4842K, capacity 5167K, committed 5244K, reserved 253952K
}
Event: 11.610 GC heap after
{Heap after GC invocations=6 (full 0):
 garbage-first heap   total 262144K, used 24966K [0x00000000e0000000, 0x0000000100000000)
  region size 1024K, 10 young (10240K), 10 survivors (10240K)
 Metaspace       used 39352K, capacity 40155K, committed 40572K, reserved 290816K
  class space    used 4842K, capacity 5167K, committed 5244K, reserved 253952K
}
Event: 18.214 GC heap before
{Heap before GC invocations=6 (full 0):
 garbage-first heap   total 262144K, used 117126K [0x00000000e0000000, 0x0000000100000000)
  region size 1024K, 98 young (100352K), 10 survivors (10240K)
 Metaspace       used 49490K, capacity 50644K, committed 50980K, reserved 299008K
  class space    used 6035K, capacity 6500K, committed 6524K, reserved 253952K
}
Event: 18.228 GC heap after
{Heap after GC invocations=7 (full 0):
 garbage-first heap   total 262144K, used 34884K [0x00000000e0000000, 0x0000000100000000)
  region size 1024K, 14 young (14336K), 14 survivors (14336K)
 Metaspace       used 49490K, capacity 50644K, committed 50980K, reserved 299008K
  class space    used 6035K, capacity 6500K, committed 6524K, reserved 253952K
}

